0 verbose cli C:\Program Files\nodejs\node.exe C:\Program Files\nodejs\node_modules\npm\bin\npm-cli.js
1 info using npm@10.9.3
2 info using node@v22.19.0
3 silly config load:file:C:\Program Files\nodejs\node_modules\npm\npmrc
4 silly config load:file:C:\Users\HomePC\Desktop\pasty backend\.npmrc
5 silly config load:file:C:\Users\HomePC\.npmrc
6 silly config load:file:C:\Users\HomePC\AppData\Roaming\npm\etc\npmrc
7 verbose title npm i passport-google-oauth20
8 verbose argv "i" "passport-google-oauth20"
9 verbose logfile logs-max:10 dir:C:\Users\HomePC\Desktop\pasty backend\verify\_logs\2026-04-08T17_09_42_893Z-
10 verbose logfile C:\Users\HomePC\Desktop\pasty backend\verify\_logs\2026-04-08T17_09_42_893Z-debug-0.log
11 silly logfile start cleaning logs, removing 1 files
12 silly packumentCache heap:2197815296 maxSize:549453824 maxEntrySize:274726912
13 silly logfile done cleaning log files
14 silly idealTree buildDeps
15 silly fetch manifest passport-google-oauth20@*
16 silly packumentCache full:https://registry.npmjs.org/passport-google-oauth20 cache-miss
17 http fetch GET 200 https://registry.npmjs.org/passport-google-oauth20 572ms (cache stale)
18 silly packumentCache full:https://registry.npmjs.org/passport-google-oauth20 set size:10191 disposed:false
19 silly placeDep ROOT passport-google-oauth20@2.0.0 OK for: pasty-backend@1.0.0 want: *
20 silly fetch manifest passport-oauth2@1.x.x
21 silly packumentCache full:https://registry.npmjs.org/passport-oauth2 cache-miss
22 http fetch GET 200 https://registry.npmjs.org/passport-oauth2 134ms (cache stale)
23 silly packumentCache full:https://registry.npmjs.org/passport-oauth2 set size:32267 disposed:false
24 silly placeDep ROOT passport-oauth2@1.8.0 OK for: passport-google-oauth20@2.0.0 want: 1.x.x
25 silly fetch manifest base64url@3.x.x
26 silly packumentCache full:https://registry.npmjs.org/base64url cache-miss
27 silly fetch manifest oauth@0.10.x
28 silly packumentCache full:https://registry.npmjs.org/oauth cache-miss
29 silly fetch manifest uid2@0.0.x
30 silly packumentCache full:https://registry.npmjs.org/uid2 cache-miss
31 http fetch GET 200 https://registry.npmjs.org/base64url 188ms (cache stale)
32 silly packumentCache full:https://registry.npmjs.org/base64url set size:34304 disposed:false
33 http fetch GET 200 https://registry.npmjs.org/uid2 1270ms (cache stale)
34 silly packumentCache full:https://registry.npmjs.org/uid2 set size:7931 disposed:false
35 http fetch GET 200 https://registry.npmjs.org/oauth 1330ms (cache stale)
36 silly packumentCache full:https://registry.npmjs.org/oauth set size:45115 disposed:false
37 silly placeDep ROOT base64url@3.0.1 OK for: passport-oauth2@1.8.0 want: 3.x.x
38 silly placeDep ROOT oauth@0.10.2 OK for: passport-oauth2@1.8.0 want: 0.10.x
39 silly placeDep ROOT uid2@0.0.4 OK for: passport-oauth2@1.8.0 want: 0.0.x
40 silly reify moves {}
41 silly audit bulk request {
41 silly audit   '@mongodb-js/saslprep': [ '1.4.6' ],
41 silly audit   '@types/webidl-conversions': [ '7.0.3' ],
41 silly audit   '@types/whatwg-url': [ '13.0.0' ],
41 silly audit   accepts: [ '2.0.0' ],
41 silly audit   anymatch: [ '3.1.3' ],
41 silly audit   'append-field': [ '1.0.0' ],
41 silly audit   asynckit: [ '0.4.0' ],
41 silly audit   axios: [ '1.14.0' ],
41 silly audit   'balanced-match': [ '4.0.4' ],
41 silly audit   bcryptjs: [ '3.0.3' ],
41 silly audit   'binary-extensions': [ '2.3.0' ],
41 silly audit   'body-parser': [ '2.2.2' ],
41 silly audit   'brace-expansion': [ '5.0.5' ],
41 silly audit   braces: [ '3.0.3' ],
41 silly audit   bson: [ '7.2.0' ],
41 silly audit   'buffer-equal-constant-time': [ '1.0.1' ],
41 silly audit   'buffer-from': [ '1.1.2' ],
41 silly audit   busboy: [ '1.6.0' ],
41 silly audit   bytes: [ '3.1.2' ],
41 silly audit   'call-bind-apply-helpers': [ '1.0.2' ],
41 silly audit   'call-bound': [ '1.0.4' ],
41 silly audit   chokidar: [ '3.6.0' ],
41 silly audit   cloudinary: [ '1.41.3' ],
41 silly audit   'cloudinary-core': [ '2.14.1' ],
41 silly audit   'combined-stream': [ '1.0.8' ],
41 silly audit   'concat-stream': [ '2.0.0' ],
41 silly audit   'content-disposition': [ '1.0.1' ],
41 silly audit   'content-type': [ '1.0.5' ],
41 silly audit   cookie: [ '0.7.2' ],
41 silly audit   'cookie-signature': [ '1.2.2' ],
41 silly audit   'core-js': [ '3.49.0' ],
41 silly audit   cors: [ '2.8.6' ],
41 silly audit   crypto: [ '1.0.1' ],
41 silly audit   debug: [ '4.4.3' ],
41 silly audit   'delayed-stream': [ '1.0.0' ],
41 silly audit   depd: [ '2.0.0' ],
41 silly audit   dotenv: [ '17.3.1' ],
41 silly audit   'dunder-proto': [ '1.0.1' ],
41 silly audit   'ecdsa-sig-formatter': [ '1.0.11' ],
41 silly audit   'ee-first': [ '1.1.1' ],
41 silly audit   encodeurl: [ '2.0.0' ],
41 silly audit   'es-define-property': [ '1.0.1' ],
41 silly audit   'es-errors': [ '1.3.0' ],
41 silly audit   'es-object-atoms': [ '1.1.1' ],
41 silly audit   'es-set-tostringtag': [ '2.1.0' ],
41 silly audit   'escape-html': [ '1.0.3' ],
41 silly audit   etag: [ '1.8.1' ],
41 silly audit   express: [ '5.2.1' ],
41 silly audit   'fill-range': [ '7.1.1' ],
41 silly audit   finalhandler: [ '2.1.1' ],
41 silly audit   'follow-redirects': [ '1.15.11' ],
41 silly audit   'form-data': [ '4.0.5' ],
41 silly audit   'mime-db': [ '1.52.0', '1.54.0' ],
41 silly audit   'mime-types': [ '2.1.35', '3.0.2' ],
41 silly audit   forwarded: [ '0.2.0' ],
41 silly audit   fresh: [ '2.0.0' ],
41 silly audit   fsevents: [ '2.3.3' ],
41 silly audit   'function-bind': [ '1.1.2' ],
41 silly audit   'get-intrinsic': [ '1.3.0' ],
41 silly audit   'get-proto': [ '1.0.1' ],
41 silly audit   'glob-parent': [ '5.1.2' ],
41 silly audit   gopd: [ '1.2.0' ],
41 silly audit   'has-flag': [ '3.0.0' ],
41 silly audit   'has-symbols': [ '1.1.0' ],
41 silly audit   'has-tostringtag': [ '1.0.2' ],
41 silly audit   hasown: [ '2.0.2' ],
41 silly audit   'http-errors': [ '2.0.1' ],
41 silly audit   'iconv-lite': [ '0.7.2' ],
41 silly audit   'ignore-by-default': [ '1.0.1' ],
41 silly audit   inherits: [ '2.0.4' ],
41 silly audit   'ipaddr.js': [ '1.9.1' ],
41 silly audit   'is-binary-path': [ '2.1.0' ],
41 silly audit   'is-extglob': [ '2.1.1' ],
41 silly audit   'is-glob': [ '4.0.3' ],
41 silly audit   'is-number': [ '7.0.0' ],
41 silly audit   'is-promise': [ '4.0.0' ],
41 silly audit   jsonwebtoken: [ '9.0.3' ],
41 silly audit   jwa: [ '2.0.1' ],
41 silly audit   jws: [ '4.0.1' ],
41 silly audit   kareem: [ '3.2.0' ],
41 silly audit   lodash: [ '4.17.21' ],
41 silly audit   'lodash.includes': [ '4.3.0' ],
41 silly audit   'lodash.isboolean': [ '3.0.3' ],
41 silly audit   'lodash.isinteger': [ '4.0.4' ],
41 silly audit   'lodash.isnumber': [ '3.0.3' ],
41 silly audit   'lodash.isplainobject': [ '4.0.6' ],
41 silly audit   'lodash.isstring': [ '4.0.1' ],
41 silly audit   'lodash.once': [ '4.1.1' ],
41 silly audit   'math-intrinsics': [ '1.1.0' ],
41 silly audit   'media-typer': [ '1.1.0', '0.3.0' ],
41 silly audit   'memory-pager': [ '1.5.0' ],
41 silly audit   'merge-descriptors': [ '2.0.0' ],
41 silly audit   minimatch: [ '10.2.5' ],
41 silly audit   mogodb: [ '0.0.1-security' ],
41 silly audit   mongodb: [ '7.1.1' ],
41 silly audit   'mongodb-connection-string-url': [ '7.0.1' ],
41 silly audit   mongoose: [ '9.3.3' ],
41 silly audit   mpath: [ '0.9.0' ],
41 silly audit   mquery: [ '6.0.0' ],
41 silly audit   ms: [ '2.1.3' ],
41 silly audit   multer: [ '2.1.1' ],
41 silly audit   'multer-storage-cloudinary': [ '4.0.0' ],
41 silly audit   'type-is': [ '1.6.18', '2.0.1' ],
41 silly audit   negotiator: [ '1.0.0' ],
41 silly audit   nodemon: [ '3.1.14' ],
41 silly audit   'normalize-path': [ '3.0.0' ],
41 silly audit   'object-assign': [ '4.1.1' ],
41 silly audit   'object-inspect': [ '1.13.4' ],
41 silly audit   'on-finished': [ '2.4.1' ],
41 silly audit   once: [ '1.4.0' ],
41 silly audit   parseurl: [ '1.3.3' ],
41 silly audit   passport: [ '0.7.0' ],
41 silly audit   'passport-strategy': [ '1.0.0' ],
41 silly audit   'path-to-regexp': [ '8.4.1' ],
41 silly audit   pause: [ '0.0.1' ],
41 silly audit   picomatch: [ '2.3.2' ],
41 silly audit   'proxy-addr': [ '2.0.7' ],
41 silly audit   'proxy-from-env': [ '2.1.0' ],
41 silly audit   'pstree.remy': [ '1.1.8' ],
41 silly audit   punycode: [ '2.3.1' ],
41 silly audit   q: [ '1.5.1' ],
41 silly audit   qs: [ '6.15.0' ],
41 silly audit   'range-parser': [ '1.2.1' ],
41 silly audit   'raw-body': [ '3.0.2' ],
41 silly audit   'readable-stream': [ '3.6.2' ],
41 silly audit   readdirp: [ '3.6.0' ],
41 silly audit   router: [ '2.2.0' ],
41 silly audit   'safe-buffer': [ '5.2.1' ],
41 silly audit   'safer-buffer': [ '2.1.2' ],
41 silly audit   semver: [ '7.7.4' ],
41 silly audit   send: [ '1.2.1' ],
41 silly audit   'serve-static': [ '2.2.1' ],
41 silly audit   setprototypeof: [ '1.2.0' ],
41 silly audit   'side-channel': [ '1.1.0' ],
41 silly audit   'side-channel-list': [ '1.0.0' ],
41 silly audit   'side-channel-map': [ '1.0.1' ],
41 silly audit   'side-channel-weakmap': [ '1.0.2' ],
41 silly audit   sift: [ '17.1.3' ],
41 silly audit   'simple-update-notifier': [ '2.0.0' ],
41 silly audit   'sparse-bitfield': [ '3.0.3' ],
41 silly audit   statuses: [ '2.0.2' ],
41 silly audit   streamsearch: [ '1.1.0' ],
41 silly audit   string_decoder: [ '1.3.0' ],
41 silly audit   'supports-color': [ '5.5.0' ],
41 silly audit   'to-regex-range': [ '5.0.1' ],
41 silly audit   toidentifier: [ '1.0.1' ],
41 silly audit   touch: [ '3.1.1' ],
41 silly audit   tr46: [ '5.1.1' ],
41 silly audit   typedarray: [ '0.0.6' ],
41 silly audit   undefsafe: [ '2.0.5' ],
41 silly audit   unpipe: [ '1.0.0' ],
41 silly audit   'util-deprecate': [ '1.0.2' ],
41 silly audit   'utils-merge': [ '1.0.1' ],
41 silly audit   vary: [ '1.1.2' ],
41 silly audit   'webidl-conversions': [ '7.0.0' ],
41 silly audit   'whatwg-url': [ '14.2.0' ],
41 silly audit   wrappy: [ '1.0.2' ],
41 silly audit   'passport-google-oauth20': [ '2.0.0' ],
41 silly audit   'passport-oauth2': [ '1.8.0' ],
41 silly audit   base64url: [ '3.0.1' ],
41 silly audit   oauth: [ '0.10.2' ],
41 silly audit   uid2: [ '0.0.4' ]
41 silly audit }
42 verbose reify failed optional dependency C:\Users\HomePC\Desktop\pasty backend\node_modules\fsevents
43 silly reify mark deleted [ 'C:\\Users\\HomePC\\Desktop\\pasty backend\\node_modules\\fsevents' ]
44 http cache uid2@https://registry.npmjs.org/uid2/-/uid2-0.0.4.tgz 0ms (cache hit)
45 http cache oauth@https://registry.npmjs.org/oauth/-/oauth-0.10.2.tgz 0ms (cache hit)
46 http cache base64url@https://registry.npmjs.org/base64url/-/base64url-3.0.1.tgz 0ms (cache hit)
47 http cache passport-oauth2@https://registry.npmjs.org/passport-oauth2/-/passport-oauth2-1.8.0.tgz 1ms (cache hit)
48 http cache passport-google-oauth20@https://registry.npmjs.org/passport-google-oauth20/-/passport-google-oauth20-2.0.0.tgz 0ms (cache hit)
49 http fetch POST 200 https://registry.npmjs.org/-/npm/v1/security/advisories/bulk 3301ms
50 silly audit report {
50 silly audit report   cloudinary: [
50 silly audit report     {
50 silly audit report       id: 1109723,
50 silly audit report       url: 'https://github.com/advisories/GHSA-g4mf-96x5-5m2c',
50 silly audit report       title: 'Cloudinary Node SDK is vulnerable to Arbitrary Argument Injection through parameters that include an ampersand',
50 silly audit report       severity: 'high',
50 silly audit report       vulnerable_versions: '<2.7.0',
50 silly audit report       cwe: [Array],
50 silly audit report       cvss: [Object]
50 silly audit report     }
50 silly audit report   ],
50 silly audit report   lodash: [
50 silly audit report     {
50 silly audit report       id: 1112455,
50 silly audit report       url: 'https://github.com/advisories/GHSA-xxjr-mmjv-4gpg',
50 silly audit report       title: 'Lodash has Prototype Pollution Vulnerability in `_.unset` and `_.omit` functions',
50 silly audit report       severity: 'moderate',
50 silly audit report       vulnerable_versions: '>=4.0.0 <=4.17.22',
50 silly audit report       cwe: [Array],
50 silly audit report       cvss: [Object]
50 silly audit report     },
50 silly audit report     {
50 silly audit report       id: 1115806,
50 silly audit report       url: 'https://github.com/advisories/GHSA-r5fr-rjxr-66jc',
50 silly audit report       title: 'lodash vulnerable to Code Injection via `_.template` imports key names',
50 silly audit report       severity: 'high',
50 silly audit report       vulnerable_versions: '>=4.0.0 <=4.17.23',
50 silly audit report       cwe: [Array],
50 silly audit report       cvss: [Object]
50 silly audit report     },
50 silly audit report     {
50 silly audit report       id: 1115810,
50 silly audit report       url: 'https://github.com/advisories/GHSA-f23m-r3pf-42rh',
50 silly audit report       title: 'lodash vulnerable to Prototype Pollution via array path bypass in `_.unset` and `_.omit`',
50 silly audit report       severity: 'moderate',
50 silly audit report       vulnerable_versions: '<=4.17.23',
50 silly audit report       cwe: [Array],
50 silly audit report       cvss: [Object]
50 silly audit report     }
50 silly audit report   ]
50 silly audit report }
51 silly packumentCache corgi:https://registry.npmjs.org/cloudinary cache-miss
52 silly packumentCache corgi:https://registry.npmjs.org/lodash cache-miss
53 http fetch GET 200 https://registry.npmjs.org/lodash 1934ms (cache stale)
54 silly packumentCache corgi:https://registry.npmjs.org/lodash set size:69050 disposed:false
55 http fetch GET 200 https://registry.npmjs.org/cloudinary 1968ms (cache stale)
56 silly packumentCache corgi:https://registry.npmjs.org/cloudinary set size:156999 disposed:false
57 silly packumentCache corgi:https://registry.npmjs.org/multer-storage-cloudinary cache-miss
58 http fetch GET 200 https://registry.npmjs.org/multer-storage-cloudinary 162ms (cache stale)
59 silly packumentCache corgi:https://registry.npmjs.org/multer-storage-cloudinary set size:7760 disposed:false
60 silly packumentCache corgi:https://registry.npmjs.org/cloudinary-core cache-miss
61 http fetch GET 200 https://registry.npmjs.org/cloudinary-core 80ms (cache stale)
62 silly packumentCache corgi:https://registry.npmjs.org/cloudinary-core set size:53242 disposed:false
63 silly ADD node_modules/uid2
64 silly ADD node_modules/oauth
65 silly ADD node_modules/base64url
66 silly ADD node_modules/passport-oauth2
67 silly ADD node_modules/passport-google-oauth20
68 silly ADD
69 verbose cwd C:\Users\HomePC\Desktop\pasty backend
70 verbose os Windows_NT 10.0.19045
71 verbose node v22.19.0
72 verbose npm  v10.9.3
73 verbose exit 0
74 info ok
